<?xml version="1.0" encoding="UTF-8"?>
<!-- Generated by org.testng.reporters.JUnitReportReporter -->
<testsuite hostname="LAPTOP-OBGOJM87" failures="0" tests="1" name="com.actitime.generic.DemoTestNg" time="0.017" errors="0" timestamp="2023-07-21T09:02:43 IST" skipped="0">
  <testcase classname="com.actitime.generic.DemoTestNg" name="demoTest" time="0.017">
    <system-out>
      <![CDATA[Hikaru  ]]>
    </system-out>
  </testcase> <!-- demoTest -->
  <system-out>
    <![CDATA[Hikaru  ]]>
  </system-out>
</testsuite> <!-- com.actitime.generic.DemoTestNg -->
