<?xml version="1.0" encoding="UTF-8"?>
<!-- Generated by org.testng.reporters.JUnitReportReporter -->
<testsuite hostname="LAPTOP-OBGOJM87" failures="0" tests="1" name="com.actitime.TestScript.CustomerModule" time="54.219" errors="0" timestamp="2023-07-25T11:04:11 IST" skipped="0">
  <testcase classname="com.actitime.TestScript.CustomerModule" name="testCreateCustomer" time="54.219">
    <system-out>
      <![CDATA[Create Customer]]>
    </system-out>
  </testcase> <!-- testCreateCustomer -->
  <system-out>
    <![CDATA[openBrowser
login
Create Customer
logout
closeBrowser]]>
  </system-out>
</testsuite> <!-- com.actitime.TestScript.CustomerModule -->
